<?xml version="1.0" encoding="UTF-8"?>
<testng-results ignored="0" total="1" passed="1" failed="0" skipped="0">
  <reporter-output>
  </reporter-output>
  <suite started-at="2023-09-17T23:40:00 BDT" name="Default suite" finished-at="2023-09-17T23:40:09 BDT" duration-ms="8737">
    <groups>
    </groups>
    <test started-at="2023-09-17T23:40:00 BDT" name="Default test" finished-at="2023-09-17T23:40:09 BDT" duration-ms="8737">
      <class name="updateTestCase.StoreLoginTest">
        <test-method signature="login()[pri:0, instance:updateTestCase.StoreLoginTest@505fc5a4]" started-at="2023-09-17T23:40:00 BDT" name="login" finished-at="2023-09-17T23:40:09 BDT" duration-ms="8684" status="PASS">
          <reporter-output>
          </reporter-output>
        </test-method> <!-- login -->
      </class> <!-- updateTestCase.StoreLoginTest -->
    </test> <!-- Default test -->
  </suite> <!-- Default suite -->
</testng-results>
